<?xml version="1.0" encoding="UTF-8"?>
<!-- Generated by org.testng.reporters.JUnitReportReporter -->
<testsuite hostname="Shiv" failures="0" tests="18" name="test.DDTests" time="105.694" errors="0" timestamp="2023-03-29T23:59:55 IST" skipped="0">
  <testcase classname="test.DDTests" name="testPostuser" time="2.772"/>
  <system-out/>
  <testcase classname="test.DDTests" name="testPostuser" time="1.903"/>
  <system-out/>
  <testcase classname="test.DDTests" name="testPostuser" time="8.245"/>
  <system-out/>
  <testcase classname="test.DDTests" name="testPostuser" time="44.741"/>
  <system-out/>
  <testcase classname="test.DDTests" name="testPostuser" time="1.636"/>
  <system-out/>
  <testcase classname="test.DDTests" name="testPostuser" time="2.221"/>
  <system-out/>
  <testcase classname="test.DDTests" name="testPostuser" time="5.870"/>
  <system-out/>
  <testcase classname="test.DDTests" name="testPostuser" time="17.752"/>
  <system-out/>
  <testcase classname="test.DDTests" name="testPostuser" time="1.792"/>
  <system-out/>
  <testcase classname="test.DDTests" name="testDeleteUserByName" time="2.359"/>
  <system-out/>
  <testcase classname="test.DDTests" name="testDeleteUserByName" time="3.952"/>
  <system-out/>
  <testcase classname="test.DDTests" name="testDeleteUserByName" time="1.990"/>
  <system-out/>
  <testcase classname="test.DDTests" name="testDeleteUserByName" time="1.676"/>
  <system-out/>
  <testcase classname="test.DDTests" name="testDeleteUserByName" time="1.778"/>
  <system-out/>
  <testcase classname="test.DDTests" name="testDeleteUserByName" time="1.593"/>
  <system-out/>
  <testcase classname="test.DDTests" name="testDeleteUserByName" time="2.068"/>
  <system-out/>
  <testcase classname="test.DDTests" name="testDeleteUserByName" time="1.653"/>
  <system-out/>
  <testcase classname="test.DDTests" name="testDeleteUserByName" time="1.693"/>
  <system-out/>
</testsuite> <!-- test.DDTests -->
