<?xml version="1.0" encoding="UTF-8"?>
<!-- Generated by org.testng.reporters.JUnitReportReporter -->
<testsuite hostname="Shiv" failures="0" tests="4" name="test.UserTests" time="10.040" errors="0" timestamp="2023-03-29T23:59:55 IST" skipped="0">
  <testcase classname="test.UserTests" name="testPostUser" time="1.921"/>
  <system-out/>
  <testcase classname="test.UserTests" name="testGetUserbyName" time="1.763"/>
  <system-out/>
  <testcase classname="test.UserTests" name="updateUserByName" time="4.183"/>
  <system-out/>
  <testcase classname="test.UserTests" name="deleteUser" time="2.173"/>
  <system-out/>
</testsuite> <!-- test.UserTests -->
